[ 2017-05-20T00:26:13+08:00 ] 42.199.54.155 /index.php/Ucenter/Trade/tradelist/ostaus/assets/ico/favicon.ico
INFO: [ app_init ] --START--
INFO: [ app_init ] --END-- [ RunTime:0.000259s ]
INFO: [ path_info ] --START--
INFO: [ path_info ] --END-- [ RunTime:0.000027s ]

[ 2017-05-20T00:26:19+08:00 ] 42.199.54.155 /index.php/Ucenter/Index/assets/ico/favicon.ico
INFO: [ app_init ] --START--
INFO: [ app_init ] --END-- [ RunTime:0.000283s ]
INFO: [ path_info ] --START--
INFO: [ path_info ] --END-- [ RunTime:0.000018s ]

[ 2017-05-20T00:28:28+08:00 ] 116.23.26.175 /index.php/Ucenter/Trade/tradelist/ostaus/assets/ico/favicon.ico
INFO: [ app_init ] --START--
INFO: [ app_init ] --END-- [ RunTime:0.000236s ]
INFO: [ path_info ] --START--
INFO: [ path_info ] --END-- [ RunTime:0.000017s ]

[ 2017-05-20T00:28:44+08:00 ] 116.23.26.175 /index.php/Ucenter/Trade/assets/ico/favicon.ico
INFO: [ app_init ] --START--
INFO: [ app_init ] --END-- [ RunTime:0.000327s ]
INFO: [ path_info ] --START--
INFO: [ path_info ] --END-- [ RunTime:0.000018s ]

[ 2017-05-20T00:29:48+08:00 ] 116.23.26.175 /index.php/Ucenter/My/assets/ico/favicon.ico
INFO: [ app_init ] --START--
INFO: [ app_init ] --END-- [ RunTime:0.000403s ]
INFO: [ path_info ] --START--
INFO: [ path_info ] --END-- [ RunTime:0.000026s ]

[ 2017-05-20T02:46:19+08:00 ] 116.23.26.175 /index.php/Ucenter/Index/assets/ico/favicon.ico
INFO: [ app_init ] --START--
INFO: [ app_init ] --END-- [ RunTime:0.000298s ]
INFO: [ path_info ] --START--
INFO: [ path_info ] --END-- [ RunTime:0.000018s ]

[ 2017-05-20T02:46:21+08:00 ] 116.23.26.175 /index.php/Ucenter/Trade/tradelist/ostaus/assets/ico/favicon.ico
INFO: [ app_init ] --START--
INFO: [ app_init ] --END-- [ RunTime:0.000395s ]
INFO: [ path_info ] --START--
INFO: [ path_info ] --END-- [ RunTime:0.000017s ]

[ 2017-05-20T10:10:19+08:00 ] 113.98.117.213 /index.php/Admin/img/bgs/landscape.jpg
INFO: [ app_init ] --START--
INFO: [ app_init ] --END-- [ RunTime:0.000236s ]
INFO: [ path_info ] --START--
INFO: [ path_info ] --END-- [ RunTime:0.000018s ]

[ 2017-05-20T10:11:42+08:00 ] 113.98.117.213 /index.php/Ucenter/Index/assets/ico/favicon.ico
INFO: [ app_init ] --START--
INFO: [ app_init ] --END-- [ RunTime:0.000302s ]
INFO: [ path_info ] --START--
INFO: [ path_info ] --END-- [ RunTime:0.000017s ]

[ 2017-05-20T10:13:04+08:00 ] 113.98.117.213 /index.php/Ucenter/My/assets/ico/favicon.ico
INFO: [ app_init ] --START--
INFO: [ app_init ] --END-- [ RunTime:0.000232s ]
INFO: [ path_info ] --START--
INFO: [ path_info ] --END-- [ RunTime:0.000017s ]

[ 2017-05-20T11:23:01+08:00 ] 140.205.225.194 /index.php?m=member&c=index&a=register&siteid=1
INFO: [ app_init ] --START--
INFO: [ app_init ] --END-- [ RunTime:0.000288s ]
ERR: 无法加载模块:Member

[ 2017-05-20T11:23:03+08:00 ] 140.205.225.194 /index.php?m=wap&a=index&siteid=1
INFO: [ app_init ] --START--
INFO: [ app_init ] --END-- [ RunTime:0.000249s ]
ERR: 无法加载模块:Wap

[ 2017-05-20T16:08:16+08:00 ] 116.23.26.175 /index.php/Ucenter/Index/assets/ico/favicon.ico
INFO: [ app_init ] --START--
INFO: [ app_init ] --END-- [ RunTime:0.000240s ]
INFO: [ path_info ] --START--
INFO: [ path_info ] --END-- [ RunTime:0.000017s ]

[ 2017-05-20T16:08:21+08:00 ] 116.23.26.175 /index.php/Ucenter/Trade/tradelist/ostaus/assets/ico/favicon.ico
INFO: [ app_init ] --START--
INFO: [ app_init ] --END-- [ RunTime:0.000231s ]
INFO: [ path_info ] --START--
INFO: [ path_info ] --END-- [ RunTime:0.000018s ]

[ 2017-05-20T16:09:10+08:00 ] 116.23.26.175 /index.php/Ucenter/UTongji/assets/ico/favicon.ico
INFO: [ app_init ] --START--
INFO: [ app_init ] --END-- [ RunTime:0.000237s ]
INFO: [ path_info ] --START--
INFO: [ path_info ] --END-- [ RunTime:0.000017s ]

[ 2017-05-20T16:09:15+08:00 ] 116.23.26.175 /index.php/Ucenter/My/assets/ico/favicon.ico
INFO: [ app_init ] --START--
INFO: [ app_init ] --END-- [ RunTime:0.000237s ]
INFO: [ path_info ] --START--
INFO: [ path_info ] --END-- [ RunTime:0.000018s ]

[ 2017-05-20T16:09:38+08:00 ] 116.23.26.175 /index.php/Ucenter/Trade/assets/ico/favicon.ico
INFO: [ app_init ] --START--
INFO: [ app_init ] --END-- [ RunTime:0.000240s ]
INFO: [ path_info ] --START--
INFO: [ path_info ] --END-- [ RunTime:0.000017s ]

[ 2017-05-20T16:17:36+08:00 ] 116.23.26.175 /index.php/Ucenter/Account/agentlist/type/assets/ico/favicon.ico
INFO: [ app_init ] --START--
INFO: [ app_init ] --END-- [ RunTime:0.000238s ]
INFO: [ path_info ] --START--
INFO: [ path_info ] --END-- [ RunTime:0.000017s ]

[ 2017-05-20T16:35:09+08:00 ] 140.205.225.190 /index.php?m=member&c=index&a=register&siteid=1
INFO: [ app_init ] --START--
INFO: [ app_init ] --END-- [ RunTime:0.000275s ]
ERR: 无法加载模块:Member

[ 2017-05-20T16:35:17+08:00 ] 140.205.225.190 /index.php?m=wap&a=index&siteid=1
INFO: [ app_init ] --START--
INFO: [ app_init ] --END-- [ RunTime:0.000362s ]
ERR: 无法加载模块:Wap

[ 2017-05-20T16:44:52+08:00 ] 140.205.225.190 /index.php?g=Wap&m=Dining&a=ShowDetail&id=2%20and%20updatexml(1,concat(0x7e,md5(1),0x7e),0)%23
INFO: [ app_init ] --START--
INFO: [ app_init ] --END-- [ RunTime:0.000243s ]
ERR: 无法加载模块:Dining

